android-app/app/build/intermediates/manifest_merge_blame_file/debug/processDebugMainManifest/manifest-merger-blame-debug-report.txt
1<?xml version="1.0" encoding="utf-8"?>
2<manifest xmlns:android="http://schemas.android.com/apk/res/android"
3    package="br.com.auttar.integration"
4    android:versionCode="1"
5    android:versionName="1.0" >
6
7    <uses-sdk
8        android:minSdkVersion="24"
9        android:targetSdkVersion="34" />
10
11    <uses-permission android:name="android.permission.INTERNET" />
11-->src\main\AndroidManifest.xml:5:5-67
11-->src\main\AndroidManifest.xml:5:22-64
12    <uses-permission android:name="android.permission.ACCESS_NETWORK_STATE" />
12-->src\main\AndroidManifest.xml:6:5-79
12-->src\main\AndroidManifest.xml:6:22-76
13    <uses-permission android:name="android.permission.NFC" />
13-->src\main\AndroidManifest.xml:7:5-62
13-->src\main\AndroidManifest.xml:7:22-59
14    <uses-permission
14-->src\main\AndroidManifest.xml:9:5-95
15        android:name="android.permission.BLUETOOTH"
15-->src\main\AndroidManifest.xml:9:22-65
16        android:maxSdkVersion="30" />
16-->src\main\AndroidManifest.xml:9:66-92
17    <uses-permission
17-->src\main\AndroidManifest.xml:10:5-101
18        android:name="android.permission.BLUETOOTH_ADMIN"
18-->src\main\AndroidManifest.xml:10:22-71
19        android:maxSdkVersion="30" />
19-->src\main\AndroidManifest.xml:10:72-98
20    <uses-permission android:name="android.permission.BLUETOOTH_SCAN" />
20-->src\main\AndroidManifest.xml:11:5-73
20-->src\main\AndroidManifest.xml:11:22-70
21    <uses-permission android:name="android.permission.BLUETOOTH_CONNECT" />
21-->src\main\AndroidManifest.xml:12:5-76
21-->src\main\AndroidManifest.xml:12:22-73
22    <uses-permission android:name="android.permission.ACCESS_FINE_LOCATION" />
22-->src\main\AndroidManifest.xml:14:5-79
22-->src\main\AndroidManifest.xml:14:22-76
23    <uses-permission android:name="android.permission.ACCESS_COARSE_LOCATION" />
23-->src\main\AndroidManifest.xml:15:5-81
23-->src\main\AndroidManifest.xml:15:22-78
24    <uses-permission android:name="com.sunmi.perm.CONTACTLESS_CARD" />
24-->src\main\AndroidManifest.xml:17:5-71
24-->src\main\AndroidManifest.xml:17:22-68
25    <uses-permission android:name="com.sunmi.perm.PAY_CARD" />
25-->src\main\AndroidManifest.xml:18:5-63
25-->src\main\AndroidManifest.xml:18:22-60
26    <uses-permission android:name="com.sunmi.perm.IC_CARD" />
26-->src\main\AndroidManifest.xml:19:5-62
26-->src\main\AndroidManifest.xml:19:22-59
27    <uses-permission android:name="com.sunmi.perm.MAG_CARD" />
27-->src\main\AndroidManifest.xml:20:5-63
27-->src\main\AndroidManifest.xml:20:22-60
28    <uses-permission android:name="com.sunmi.perm.PINPAD" />
28-->src\main\AndroidManifest.xml:21:5-61
28-->src\main\AndroidManifest.xml:21:22-58
29    <uses-permission android:name="com.sunmi.perm.SECURITY" />
29-->src\main\AndroidManifest.xml:22:5-63
29-->src\main\AndroidManifest.xml:22:22-60
30    <uses-permission android:name="com.sunmi.perm.PRINT" />
30-->src\main\AndroidManifest.xml:23:5-60
30-->src\main\AndroidManifest.xml:23:22-57
31    <uses-permission android:name="android.permission.QUERY_ALL_PACKAGES" />
31-->src\main\AndroidManifest.xml:25:5-119
31-->src\main\AndroidManifest.xml:25:22-74
32    <uses-permission
32-->[br.com.auttar.mobile:payment-sdk-debug:4.14.1] AndroidManifest.xml:12:5-14:47
33        android:name="br.com.auttar.SEND_BROADCAST_PERMISSION"
33-->[br.com.auttar.mobile:payment-sdk-debug:4.14.1] AndroidManifest.xml:13:9-63
34        android:protectionLevel="signature" />
34-->[br.com.auttar.mobile:payment-sdk-debug:4.14.1] AndroidManifest.xml:14:9-44
35    <uses-permission android:name="android.permission.WRITE_EXTERNAL_STORAGE" />
35-->[br.com.auttar.mobile:payment-sdk-bc-pos-debug:4.14.1] AndroidManifest.xml:9:5-81
35-->[br.com.auttar.mobile:payment-sdk-bc-pos-debug:4.14.1] AndroidManifest.xml:9:22-78
36    <uses-permission android:name="android.permission.READ_EXTERNAL_STORAGE" />
37    <uses-permission android:name="android.permission.WAKE_LOCK" />
37-->[androidx.work:work-runtime:2.9.0] AndroidManifest.xml:23:5-68
37-->[androidx.work:work-runtime:2.9.0] AndroidManifest.xml:23:22-65
38    <uses-permission android:name="android.permission.RECEIVE_BOOT_COMPLETED" />
38-->[androidx.work:work-runtime:2.9.0] AndroidManifest.xml:25:5-81
38-->[androidx.work:work-runtime:2.9.0] AndroidManifest.xml:25:22-78
39    <uses-permission android:name="android.permission.FOREGROUND_SERVICE" />
39-->[androidx.work:work-runtime:2.9.0] AndroidManifest.xml:26:5-77
39-->[androidx.work:work-runtime:2.9.0] AndroidManifest.xml:26:22-74
40
41    <permission
41-->[androidx.core:core:1.13.0] AndroidManifest.xml:22:5-24:47
42        android:name="br.com.auttar.integration.DYNAMIC_RECEIVER_NOT_EXPORTED_PERMISSION"
42-->[androidx.core:core:1.13.0] AndroidManifest.xml:23:9-81
43        android:protectionLevel="signature" />
43-->[androidx.core:core:1.13.0] AndroidManifest.xml:24:9-44
44
45    <uses-permission android:name="br.com.auttar.integration.DYNAMIC_RECEIVER_NOT_EXPORTED_PERMISSION" />
45-->[androidx.core:core:1.13.0] AndroidManifest.xml:26:5-97
45-->[androidx.core:core:1.13.0] AndroidManifest.xml:26:22-94
46    <uses-permission android:name="android.permission.READ_PHONE_STATE" />
46-->[br.com.getnet.fornecedores.newland.avatek.bc:bcnewland:2.24] AndroidManifest.xml:12:5-75
46-->[br.com.getnet.fornecedores.newland.avatek.bc:bcnewland:2.24] AndroidManifest.xml:12:22-72
47    <uses-permission android:name="android.permission.GET_TASKS" />
47-->[br.com.getnet.fornecedores.newland.avatek.bc:bcnewland:2.24] AndroidManifest.xml:15:5-68
47-->[br.com.getnet.fornecedores.newland.avatek.bc:bcnewland:2.24] AndroidManifest.xml:15:22-65
48    <uses-permission android:name="android.permission.MANAGE_NEWLAND" />
48-->[br.com.getnet.fornecedores.newland.avatek.bc:bcnewland:2.24] AndroidManifest.xml:16:5-73
48-->[br.com.getnet.fornecedores.newland.avatek.bc:bcnewland:2.24] AndroidManifest.xml:16:22-70
49    <uses-permission android:name="android.permission.MANAGE_NEWLANDUART3" />
49-->[br.com.getnet.fornecedores.newland.avatek.bc:bcnewland:2.24] AndroidManifest.xml:17:5-78
49-->[br.com.getnet.fornecedores.newland.avatek.bc:bcnewland:2.24] AndroidManifest.xml:17:22-75
50    <uses-permission android:name="android.permission.VIBRATE" />
50-->[br.com.getnet.fornecedores.newland.avatek.bc:bcnewland:2.24] AndroidManifest.xml:18:5-66
50-->[br.com.getnet.fornecedores.newland.avatek.bc:bcnewland:2.24] AndroidManifest.xml:18:22-63
51    <uses-permission android:name="android.permission.CAMERA" />
51-->[br.com.getnet.fornecedores.newland.avatek.bc:bcnewland:2.24] AndroidManifest.xml:19:5-65
51-->[br.com.getnet.fornecedores.newland.avatek.bc:bcnewland:2.24] AndroidManifest.xml:19:22-62
52    <uses-permission android:name="android.permission.WRITE_SETTINGS" />
52-->[br.com.getnet.fornecedores.newland.avatek.bc:bcnewland:2.24] AndroidManifest.xml:21:5-23:47
52-->[br.com.getnet.fornecedores.newland.avatek.bc:bcnewland:2.24] AndroidManifest.xml:22:9-57
53    <uses-permission android:name="android.permission.SYSTEM_ALERT_WINDOW" />
53-->[br.com.getnet.fornecedores.newland.avatek.bc:bcnewland:2.24] AndroidManifest.xml:24:5-78
53-->[br.com.getnet.fornecedores.newland.avatek.bc:bcnewland:2.24] AndroidManifest.xml:24:22-75
54    <uses-permission android:name="android.permission.SYSTEM_OVERLAY_WINDOW" />
54-->[br.com.getnet.fornecedores.newland.avatek.bc:bcnewland:2.24] AndroidManifest.xml:25:5-80
54-->[br.com.getnet.fornecedores.newland.avatek.bc:bcnewland:2.24] AndroidManifest.xml:25:22-77
55    <uses-permission android:name="android.permission.SET_TIME" />
55-->[com.gertec:gedi-release:2.0.2.1] AndroidManifest.xml:13:5-15:47
55-->[com.gertec:gedi-release:2.0.2.1] AndroidManifest.xml:14:9-51
56    <uses-permission android:name="com.sunmi.perm.LED" />
56-->[br.com.setis.sunmi.ppcomp:ppcomp_p2:1.40] AndroidManifest.xml:11:5-58
56-->[br.com.setis.sunmi.ppcomp:ppcomp_p2:1.40] AndroidManifest.xml:11:22-55
57    <uses-permission android:name="com.sunmi.perm.MSR" />
57-->[br.com.setis.sunmi.ppcomp:ppcomp_p2:1.40] AndroidManifest.xml:12:5-58
57-->[br.com.setis.sunmi.ppcomp:ppcomp_p2:1.40] AndroidManifest.xml:12:22-55
58    <uses-permission android:name="com.sunmi.perm.ICC" />
58-->[br.com.setis.sunmi.ppcomp:ppcomp_p2:1.40] AndroidManifest.xml:13:5-58
58-->[br.com.setis.sunmi.ppcomp:ppcomp_p2:1.40] AndroidManifest.xml:13:22-55
59    <uses-permission android:name="android.permission.SUNMI_RESET_APPS" />
59-->[br.com.getnet.fornecedores.sunmi.bc:BCSunmi:2.3.1_15072025] AndroidManifest.xml:16:5-75
59-->[br.com.getnet.fornecedores.sunmi.bc:BCSunmi:2.3.1_15072025] AndroidManifest.xml:16:22-72
60
61    <application
61-->src\main\AndroidManifest.xml:27:5-69:19
62        android:name="br.com.auttar.integration.AuttarApp"
62-->src\main\AndroidManifest.xml:28:9-34
63        android:allowBackup="false"
63-->src\main\AndroidManifest.xml:29:9-36
64        android:appComponentFactory="androidx.core.app.CoreComponentFactory"
64-->[androidx.core:core:1.13.0] AndroidManifest.xml:28:18-86
65        android:dataExtractionRules="@xml/data_extraction_rules"
65-->[br.com.auttar.mobile:payment-sdk-debug:4.14.1] AndroidManifest.xml:18:9-65
66        android:debuggable="true"
67        android:enableOnBackInvokedCallback="true"
67-->[br.com.auttar.mobile:payment-sdk-debug:4.14.1] AndroidManifest.xml:19:9-51
68        android:extractNativeLibs="true"
68-->src\main\AndroidManifest.xml:36:9-41
69        android:fullBackupContent="false"
69-->[br.com.auttar.mobile:payment-sdk-debug:4.14.1] AndroidManifest.xml:20:9-42
70        android:hardwareAccelerated="true"
70-->src\main\AndroidManifest.xml:35:9-43
71        android:icon="@mipmap/ic_launcher"
71-->src\main\AndroidManifest.xml:30:9-43
72        android:label="@string/app_name"
72-->src\main\AndroidManifest.xml:31:9-41
73        android:requestLegacyExternalStorage="true"
73-->[br.com.auttar.mobile:payment-sdk-debug:4.14.1] AndroidManifest.xml:21:9-52
74        android:resizeableActivity="false"
74-->[br.com.auttar.mobile:payment-sdk-debug:4.14.1] AndroidManifest.xml:22:9-43
75        android:roundIcon="@mipmap/ic_launcher_round"
75-->src\main\AndroidManifest.xml:32:9-54
76        android:supportsRtl="true"
76-->src\main\AndroidManifest.xml:33:9-35
77        android:testOnly="true"
78        android:theme="@style/Theme.AuttarV3Integration.NoActionBar" >
78-->src\main\AndroidManifest.xml:34:9-69
79        <activity
79-->src\main\AndroidManifest.xml:39:9-48:20
80            android:name="br.com.auttar.integration.LoginActivity"
80-->src\main\AndroidManifest.xml:40:13-42
81            android:configChanges="orientation|screenSize"
81-->src\main\AndroidManifest.xml:43:13-59
82            android:exported="true"
82-->src\main\AndroidManifest.xml:41:13-36
83            android:screenOrientation="portrait" >
83-->src\main\AndroidManifest.xml:42:13-49
84            <intent-filter>
84-->src\main\AndroidManifest.xml:44:13-47:29
85                <action android:name="android.intent.action.MAIN" />
85-->src\main\AndroidManifest.xml:45:17-69
85-->src\main\AndroidManifest.xml:45:25-66
86
87                <category android:name="android.intent.category.LAUNCHER" />
87-->src\main\AndroidManifest.xml:46:17-77
87-->src\main\AndroidManifest.xml:46:27-74
88            </intent-filter>
89        </activity>
90        <activity
90-->src\main\AndroidManifest.xml:50:9-54:62
91            android:name="br.com.auttar.integration.MainActivity"
91-->src\main\AndroidManifest.xml:51:13-41
92            android:configChanges="orientation|screenSize"
92-->src\main\AndroidManifest.xml:54:13-59
93            android:exported="false"
93-->src\main\AndroidManifest.xml:52:13-37
94            android:screenOrientation="portrait" />
94-->src\main\AndroidManifest.xml:53:13-49
95        <activity
95-->src\main\AndroidManifest.xml:56:9-61:77
96            android:name="br.com.auttar.integration.TransactionActivity"
96-->src\main\AndroidManifest.xml:57:13-48
97            android:configChanges="orientation|screenSize|keyboardHidden"
97-->src\main\AndroidManifest.xml:61:13-74
98            android:exported="false"
98-->src\main\AndroidManifest.xml:58:13-37
99            android:launchMode="singleTop"
99-->src\main\AndroidManifest.xml:59:13-43
100            android:screenOrientation="portrait" />
100-->src\main\AndroidManifest.xml:60:13-49
101        <activity
101-->src\main\AndroidManifest.xml:63:9-67:34
102            android:name="br.com.auttek.bc.pin.PinActivity"
102-->src\main\AndroidManifest.xml:64:13-60
103            android:exported="false"
103-->src\main\AndroidManifest.xml:65:13-37
104            android:theme="@android:style/Theme.Translucent.NoTitleBar" />
104-->src\main\AndroidManifest.xml:66:13-72
105
106        <provider
106-->[br.com.auttar.mobile:payment-sdk-debug:4.14.1] AndroidManifest.xml:25:9-28:40
107            android:name="br.com.auttar.bc.provider.ConfigurationProvider"
107-->[br.com.auttar.mobile:payment-sdk-debug:4.14.1] AndroidManifest.xml:26:13-75
108            android:authorities="br.com.auttar.integration.sdk.provider"
108-->[br.com.auttar.mobile:payment-sdk-debug:4.14.1] AndroidManifest.xml:27:13-64
109            android:exported="false" />
109-->[br.com.auttar.mobile:payment-sdk-debug:4.14.1] AndroidManifest.xml:28:13-37
110        <provider
110-->[br.com.auttar.mobile:payment-sdk-debug:4.14.1] AndroidManifest.xml:29:9-32:40
111            android:name="br.com.auttar.sdk.provider.AuttarSdkProvider"
111-->[br.com.auttar.mobile:payment-sdk-debug:4.14.1] AndroidManifest.xml:30:13-72
112            android:authorities="br.com.auttar.integration.AuttarSdkProvider"
112-->[br.com.auttar.mobile:payment-sdk-debug:4.14.1] AndroidManifest.xml:31:13-69
113            android:exported="false" />
113-->[br.com.auttar.mobile:payment-sdk-debug:4.14.1] AndroidManifest.xml:32:13-37
114        <provider
114-->[br.com.auttar.mobile:payment-sdk-debug:4.14.1] AndroidManifest.xml:33:9-36:40
115            android:name="br.com.auttar.sdk.common.provider.SdkCommonContentProvider"
115-->[br.com.auttar.mobile:payment-sdk-debug:4.14.1] AndroidManifest.xml:34:13-86
116            android:authorities="br.com.auttar.integration.SdkCommonContentProvider"
116-->[br.com.auttar.mobile:payment-sdk-debug:4.14.1] AndroidManifest.xml:35:13-76
117            android:exported="false" />
117-->[br.com.auttar.mobile:payment-sdk-debug:4.14.1] AndroidManifest.xml:36:13-37
118        <provider
118-->[br.com.auttar.mobile:payment-sdk-debug:4.14.1] AndroidManifest.xml:37:9-40:40
119            android:name="br.com.auttar.sdk.database.provider.RoomContentProvider"
119-->[br.com.auttar.mobile:payment-sdk-debug:4.14.1] AndroidManifest.xml:38:13-83
120            android:authorities="br.com.auttar.integration.RoomContentProvider"
120-->[br.com.auttar.mobile:payment-sdk-debug:4.14.1] AndroidManifest.xml:39:13-71
121            android:exported="false" />
121-->[br.com.auttar.mobile:payment-sdk-debug:4.14.1] AndroidManifest.xml:40:13-37
122        <provider
122-->[br.com.auttar.mobile:payment-sdk-bc-pos-debug:4.14.1] AndroidManifest.xml:12:9-16:43
123            android:name="br.com.auttar.bc.pos.provider.PosContentProvider"
123-->[br.com.auttar.mobile:payment-sdk-bc-pos-debug:4.14.1] AndroidManifest.xml:13:13-76
124            android:authorities="br.com.auttar.integration.PosContentProvider"
124-->[br.com.auttar.mobile:payment-sdk-bc-pos-debug:4.14.1] AndroidManifest.xml:14:13-70
125            android:exported="false" />
125-->[br.com.auttar.mobile:payment-sdk-bc-pos-debug:4.14.1] AndroidManifest.xml:15:13-37
126
127        <service
127-->[androidx.room:room-runtime:2.6.1] AndroidManifest.xml:24:9-28:63
128            android:name="androidx.room.MultiInstanceInvalidationService"
128-->[androidx.room:room-runtime:2.6.1] AndroidManifest.xml:25:13-74
129            android:directBootAware="true"
129-->[androidx.room:room-runtime:2.6.1] AndroidManifest.xml:26:13-43
130            android:exported="false" />
130-->[androidx.room:room-runtime:2.6.1] AndroidManifest.xml:27:13-37
131
132        <provider
132-->[com.datadoghq:dd-sdk-android-rum:2.19.2] AndroidManifest.xml:13:9-16:40
133            android:name="com.datadog.android.rum.DdRumContentProvider"
133-->[com.datadoghq:dd-sdk-android-rum:2.19.2] AndroidManifest.xml:14:13-72
134            android:authorities="br.com.auttar.integration.provider.datadog.rum"
134-->[com.datadoghq:dd-sdk-android-rum:2.19.2] AndroidManifest.xml:15:13-72
135            android:exported="false" />
135-->[com.datadoghq:dd-sdk-android-rum:2.19.2] AndroidManifest.xml:16:13-37
136        <provider
136-->[androidx.work:work-runtime:2.9.0] AndroidManifest.xml:29:9-37:20
137            android:name="androidx.startup.InitializationProvider"
137-->[androidx.work:work-runtime:2.9.0] AndroidManifest.xml:30:13-67
138            android:authorities="br.com.auttar.integration.androidx-startup"
138-->[androidx.work:work-runtime:2.9.0] AndroidManifest.xml:31:13-68
139            android:exported="false" >
139-->[androidx.work:work-runtime:2.9.0] AndroidManifest.xml:32:13-37
140            <meta-data
140-->[androidx.work:work-runtime:2.9.0] AndroidManifest.xml:34:13-36:52
141                android:name="androidx.work.WorkManagerInitializer"
141-->[androidx.work:work-runtime:2.9.0] AndroidManifest.xml:35:17-68
142                android:value="androidx.startup" />
142-->[androidx.work:work-runtime:2.9.0] AndroidManifest.xml:36:17-49
143            <meta-data
143-->[androidx.emoji2:emoji2:1.3.0] AndroidManifest.xml:29:13-31:52
144                android:name="androidx.emoji2.text.EmojiCompatInitializer"
144-->[androidx.emoji2:emoji2:1.3.0] AndroidManifest.xml:30:17-75
145                android:value="androidx.startup" />
145-->[androidx.emoji2:emoji2:1.3.0] AndroidManifest.xml:31:17-49
146            <meta-data
146-->[androidx.lifecycle:lifecycle-process:2.8.7] AndroidManifest.xml:29:13-31:52
147                android:name="androidx.lifecycle.ProcessLifecycleInitializer"
147-->[androidx.lifecycle:lifecycle-process:2.8.7] AndroidManifest.xml:30:17-78
148                android:value="androidx.startup" />
148-->[androidx.lifecycle:lifecycle-process:2.8.7] AndroidManifest.xml:31:17-49
149            <meta-data
149-->[androidx.profileinstaller:profileinstaller:1.3.1] AndroidManifest.xml:29:13-31:52
150                android:name="androidx.profileinstaller.ProfileInstallerInitializer"
150-->[androidx.profileinstaller:profileinstaller:1.3.1] AndroidManifest.xml:30:17-85
151                android:value="androidx.startup" />
151-->[androidx.profileinstaller:profileinstaller:1.3.1] AndroidManifest.xml:31:17-49
152        </provider>
153
154        <service
154-->[androidx.work:work-runtime:2.9.0] AndroidManifest.xml:39:9-45:35
155            android:name="androidx.work.impl.background.systemalarm.SystemAlarmService"
155-->[androidx.work:work-runtime:2.9.0] AndroidManifest.xml:40:13-88
156            android:directBootAware="false"
156-->[androidx.work:work-runtime:2.9.0] AndroidManifest.xml:41:13-44
157            android:enabled="@bool/enable_system_alarm_service_default"
157-->[androidx.work:work-runtime:2.9.0] AndroidManifest.xml:42:13-72
158            android:exported="false" />
158-->[androidx.work:work-runtime:2.9.0] AndroidManifest.xml:43:13-37
159        <service
159-->[androidx.work:work-runtime:2.9.0] AndroidManifest.xml:46:9-52:35
160            android:name="androidx.work.impl.background.systemjob.SystemJobService"
160-->[androidx.work:work-runtime:2.9.0] AndroidManifest.xml:47:13-84
161            android:directBootAware="false"
161-->[androidx.work:work-runtime:2.9.0] AndroidManifest.xml:48:13-44
162            android:enabled="@bool/enable_system_job_service_default"
162-->[androidx.work:work-runtime:2.9.0] AndroidManifest.xml:49:13-70
163            android:exported="true"
163-->[androidx.work:work-runtime:2.9.0] AndroidManifest.xml:50:13-36
164            android:permission="android.permission.BIND_JOB_SERVICE" />
164-->[androidx.work:work-runtime:2.9.0] AndroidManifest.xml:51:13-69
165        <service
165-->[androidx.work:work-runtime:2.9.0] AndroidManifest.xml:53:9-59:35
166            android:name="androidx.work.impl.foreground.SystemForegroundService"
166-->[androidx.work:work-runtime:2.9.0] AndroidManifest.xml:54:13-81
167            android:directBootAware="false"
167-->[androidx.work:work-runtime:2.9.0] AndroidManifest.xml:55:13-44
168            android:enabled="@bool/enable_system_foreground_service_default"
168-->[androidx.work:work-runtime:2.9.0] AndroidManifest.xml:56:13-77
169            android:exported="false" />
169-->[androidx.work:work-runtime:2.9.0] AndroidManifest.xml:57:13-37
170
171        <receiver
171-->[androidx.work:work-runtime:2.9.0] AndroidManifest.xml:61:9-66:35
172            android:name="androidx.work.impl.utils.ForceStopRunnable$BroadcastReceiver"
172-->[androidx.work:work-runtime:2.9.0] AndroidManifest.xml:62:13-88
173            android:directBootAware="false"
173-->[androidx.work:work-runtime:2.9.0] AndroidManifest.xml:63:13-44
174            android:enabled="true"
174-->[androidx.work:work-runtime:2.9.0] AndroidManifest.xml:64:13-35
175            android:exported="false" />
175-->[androidx.work:work-runtime:2.9.0] AndroidManifest.xml:65:13-37
176        <receiver
176-->[androidx.work:work-runtime:2.9.0] AndroidManifest.xml:67:9-77:20
177            android:name="androidx.work.impl.background.systemalarm.ConstraintProxy$BatteryChargingProxy"
177-->[androidx.work:work-runtime:2.9.0] AndroidManifest.xml:68:13-106
178            android:directBootAware="false"
178-->[androidx.work:work-runtime:2.9.0] AndroidManifest.xml:69:13-44
179            android:enabled="false"
179-->[androidx.work:work-runtime:2.9.0] AndroidManifest.xml:70:13-36
180            android:exported="false" >
180-->[androidx.work:work-runtime:2.9.0] AndroidManifest.xml:71:13-37
181            <intent-filter>
181-->[androidx.work:work-runtime:2.9.0] AndroidManifest.xml:73:13-76:29
182                <action android:name="android.intent.action.ACTION_POWER_CONNECTED" />
182-->[androidx.work:work-runtime:2.9.0] AndroidManifest.xml:74:17-87
182-->[androidx.work:work-runtime:2.9.0] AndroidManifest.xml:74:25-84
183                <action android:name="android.intent.action.ACTION_POWER_DISCONNECTED" />
183-->[androidx.work:work-runtime:2.9.0] AndroidManifest.xml:75:17-90
183-->[androidx.work:work-runtime:2.9.0] AndroidManifest.xml:75:25-87
184            </intent-filter>
185        </receiver>
186        <receiver
186-->[androidx.work:work-runtime:2.9.0] AndroidManifest.xml:78:9-88:20
187            android:name="androidx.work.impl.background.systemalarm.ConstraintProxy$BatteryNotLowProxy"
187-->[androidx.work:work-runtime:2.9.0] AndroidManifest.xml:79:13-104
188            android:directBootAware="false"
188-->[androidx.work:work-runtime:2.9.0] AndroidManifest.xml:80:13-44
189            android:enabled="false"
189-->[androidx.work:work-runtime:2.9.0] AndroidManifest.xml:81:13-36
190            android:exported="false" >
190-->[androidx.work:work-runtime:2.9.0] AndroidManifest.xml:82:13-37
191            <intent-filter>
191-->[androidx.work:work-runtime:2.9.0] AndroidManifest.xml:84:13-87:29
192                <action android:name="android.intent.action.BATTERY_OKAY" />
192-->[androidx.work:work-runtime:2.9.0] AndroidManifest.xml:85:17-77
192-->[androidx.work:work-runtime:2.9.0] AndroidManifest.xml:85:25-74
193                <action android:name="android.intent.action.BATTERY_LOW" />
193-->[androidx.work:work-runtime:2.9.0] AndroidManifest.xml:86:17-76
193-->[androidx.work:work-runtime:2.9.0] AndroidManifest.xml:86:25-73
194            </intent-filter>
195        </receiver>
196        <receiver
196-->[androidx.work:work-runtime:2.9.0] AndroidManifest.xml:89:9-99:20
197            android:name="androidx.work.impl.background.systemalarm.ConstraintProxy$StorageNotLowProxy"
197-->[androidx.work:work-runtime:2.9.0] AndroidManifest.xml:90:13-104
198            android:directBootAware="false"
198-->[androidx.work:work-runtime:2.9.0] AndroidManifest.xml:91:13-44
199            android:enabled="false"
199-->[androidx.work:work-runtime:2.9.0] AndroidManifest.xml:92:13-36
200            android:exported="false" >
200-->[androidx.work:work-runtime:2.9.0] AndroidManifest.xml:93:13-37
201            <intent-filter>
201-->[androidx.work:work-runtime:2.9.0] AndroidManifest.xml:95:13-98:29
202                <action android:name="android.intent.action.DEVICE_STORAGE_LOW" />
202-->[androidx.work:work-runtime:2.9.0] AndroidManifest.xml:96:17-83
202-->[androidx.work:work-runtime:2.9.0] AndroidManifest.xml:96:25-80
203                <action android:name="android.intent.action.DEVICE_STORAGE_OK" />
203-->[androidx.work:work-runtime:2.9.0] AndroidManifest.xml:97:17-82
203-->[androidx.work:work-runtime:2.9.0] AndroidManifest.xml:97:25-79
204            </intent-filter>
205        </receiver>
206        <receiver
206-->[androidx.work:work-runtime:2.9.0] AndroidManifest.xml:100:9-109:20
207            android:name="androidx.work.impl.background.systemalarm.ConstraintProxy$NetworkStateProxy"
207-->[androidx.work:work-runtime:2.9.0] AndroidManifest.xml:101:13-103
208            android:directBootAware="false"
208-->[androidx.work:work-runtime:2.9.0] AndroidManifest.xml:102:13-44
209            android:enabled="false"
209-->[androidx.work:work-runtime:2.9.0] AndroidManifest.xml:103:13-36
210            android:exported="false" >
210-->[androidx.work:work-runtime:2.9.0] AndroidManifest.xml:104:13-37
211            <intent-filter>
211-->[androidx.work:work-runtime:2.9.0] AndroidManifest.xml:106:13-108:29
212                <action android:name="android.net.conn.CONNECTIVITY_CHANGE" />
212-->[androidx.work:work-runtime:2.9.0] AndroidManifest.xml:107:17-79
212-->[androidx.work:work-runtime:2.9.0] AndroidManifest.xml:107:25-76
213            </intent-filter>
214        </receiver>
215        <receiver
215-->[androidx.work:work-runtime:2.9.0] AndroidManifest.xml:110:9-121:20
216            android:name="androidx.work.impl.background.systemalarm.RescheduleReceiver"
216-->[androidx.work:work-runtime:2.9.0] AndroidManifest.xml:111:13-88
217            android:directBootAware="false"
217-->[androidx.work:work-runtime:2.9.0] AndroidManifest.xml:112:13-44
218            android:enabled="false"
218-->[androidx.work:work-runtime:2.9.0] AndroidManifest.xml:113:13-36
219            android:exported="false" >
219-->[androidx.work:work-runtime:2.9.0] AndroidManifest.xml:114:13-37
220            <intent-filter>
220-->[androidx.work:work-runtime:2.9.0] AndroidManifest.xml:116:13-120:29
221                <action android:name="android.intent.action.BOOT_COMPLETED" />
221-->[androidx.work:work-runtime:2.9.0] AndroidManifest.xml:117:17-79
221-->[androidx.work:work-runtime:2.9.0] AndroidManifest.xml:117:25-76
222                <action android:name="android.intent.action.TIME_SET" />
222-->[androidx.work:work-runtime:2.9.0] AndroidManifest.xml:118:17-73
222-->[androidx.work:work-runtime:2.9.0] AndroidManifest.xml:118:25-70
223                <action android:name="android.intent.action.TIMEZONE_CHANGED" />
223-->[androidx.work:work-runtime:2.9.0] AndroidManifest.xml:119:17-81
223-->[androidx.work:work-runtime:2.9.0] AndroidManifest.xml:119:25-78
224            </intent-filter>
225        </receiver>
226        <receiver
226-->[androidx.work:work-runtime:2.9.0] AndroidManifest.xml:122:9-131:20
227            android:name="androidx.work.impl.background.systemalarm.ConstraintProxyUpdateReceiver"
227-->[androidx.work:work-runtime:2.9.0] AndroidManifest.xml:123:13-99
228            android:directBootAware="false"
228-->[androidx.work:work-runtime:2.9.0] AndroidManifest.xml:124:13-44
229            android:enabled="@bool/enable_system_alarm_service_default"
229-->[androidx.work:work-runtime:2.9.0] AndroidManifest.xml:125:13-72
230            android:exported="false" >
230-->[androidx.work:work-runtime:2.9.0] AndroidManifest.xml:126:13-37
231            <intent-filter>
231-->[androidx.work:work-runtime:2.9.0] AndroidManifest.xml:128:13-130:29
232                <action android:name="androidx.work.impl.background.systemalarm.UpdateProxies" />
232-->[androidx.work:work-runtime:2.9.0] AndroidManifest.xml:129:17-98
232-->[androidx.work:work-runtime:2.9.0] AndroidManifest.xml:129:25-95
233            </intent-filter>
234        </receiver>
235        <receiver
235-->[androidx.work:work-runtime:2.9.0] AndroidManifest.xml:132:9-142:20
236            android:name="androidx.work.impl.diagnostics.DiagnosticsReceiver"
236-->[androidx.work:work-runtime:2.9.0] AndroidManifest.xml:133:13-78
237            android:directBootAware="false"
237-->[androidx.work:work-runtime:2.9.0] AndroidManifest.xml:134:13-44
238            android:enabled="true"
238-->[androidx.work:work-runtime:2.9.0] AndroidManifest.xml:135:13-35
239            android:exported="true"
239-->[androidx.work:work-runtime:2.9.0] AndroidManifest.xml:136:13-36
240            android:permission="android.permission.DUMP" >
240-->[androidx.work:work-runtime:2.9.0] AndroidManifest.xml:137:13-57
241            <intent-filter>
241-->[androidx.work:work-runtime:2.9.0] AndroidManifest.xml:139:13-141:29
242                <action android:name="androidx.work.diagnostics.REQUEST_DIAGNOSTICS" />
242-->[androidx.work:work-runtime:2.9.0] AndroidManifest.xml:140:17-88
242-->[androidx.work:work-runtime:2.9.0] AndroidManifest.xml:140:25-85
243            </intent-filter>
244        </receiver>
245
246        <uses-library
246-->[androidx.window:window:1.0.0] AndroidManifest.xml:25:9-27:40
247            android:name="androidx.window.extensions"
247-->[androidx.window:window:1.0.0] AndroidManifest.xml:26:13-54
248            android:required="false" />
248-->[androidx.window:window:1.0.0] AndroidManifest.xml:27:13-37
249        <uses-library
249-->[androidx.window:window:1.0.0] AndroidManifest.xml:28:9-30:40
250            android:name="androidx.window.sidecar"